<?xml version="1.0" encoding="UTF-8"?><testsuite errors="0" failures="0" name="com.gorest.testSuite.GoRestCURDTestWithSteps" skipped="0" tests="4" time="14.21" timestamp="2023-01-03T20:50:32.731Z[Europe/London]"><testcase classname="com.gorest.testSuite.GoRestCURDTestWithSteps" name="This will create a new Users"/><testcase classname="com.gorest.testSuite.GoRestCURDTestWithSteps" name="Verify id the User was added to the application"/><testcase classname="com.gorest.testSuite.GoRestCURDTestWithSteps" name="Update the user information and verify the updated information"/><testcase classname="com.gorest.testSuite.GoRestCURDTestWithSteps" name="Delete the student and verify if the student is deleted!"/></testsuite>